0 silly argv {
0 silly argv   _: [ 'publish' ],
0 silly argv   'force-publish': '*',
0 silly argv   forcePublish: '*',
0 silly argv   composed: 'publish',
0 silly argv   lernaVersion: '4.0.0',
0 silly argv   '$0': '/Users/soumyasethy/Desktop/AppsDev/react-experiments/design-component/node_modules/.bin/lerna'
0 silly argv }
1 notice cli v4.0.0
2 verbose rootPath /Users/soumyasethy/Desktop/AppsDev/react-experiments/design-component
3 error JSONError: Unexpected token "/" (0x2F) in JSON at position 0 while parsing near "//{\n//  \"name\": \"@bl..." in packages/schema/package.json
3 error
3 error [0m[31m[1m>[22m[39m[90m 1 |[39m [90m//{[39m[0m
3 error [0m [90m   |[39m [31m[1m^[22m[39m[0m
3 error [0m [90m 2 |[39m [90m//  "name": "@blue-learn/schema",[39m[0m
3 error [0m [90m 3 |[39m [90m//  "version": "3.0.17",[39m[0m
3 error [0m [90m 4 |[39m [90m//  "main": "lib/index.js",[39m[0m
3 error
3 error     at parseJson (/Users/soumyasethy/Desktop/AppsDev/react-experiments/design-component/node_modules/parse-json/index.js:29:21)
3 error     at parse (/Users/soumyasethy/Desktop/AppsDev/react-experiments/design-component/node_modules/load-json-file/index.js:15:9)
3 error     at module.exports (/Users/soumyasethy/Desktop/AppsDev/react-experiments/design-component/node_modules/load-json-file/index.js:18:47)
